<?xml version="1.0" encoding="UTF-8"?>
<!-- Generated by org.testng.reporters.JUnitXMLReporter -->
<testsuite ignored="0" hostname="Sumair" failures="9" tests="70" name="Test" time="1028.846" errors="0" timestamp="2025-09-15T13:53:42 IST">
  <testcase classname="com.imejob.tests.functional.EmployerAuthTest" name="verifyNavigateToCreateAccount" time="9.085"/>
  <testcase classname="com.imejob.tests.functional.EmployerAuthTest" name="verifyNavigateToSignIn" time="3.934"/>
  <testcase classname="com.imejob.tests.functional.EmployerAuthTest" name="verifyNavigateToForgotPassword" time="6.946"/>
  <testcase classname="com.imejob.tests.functional.EmployerAuthTest" name="verifyNavigateToLogin" time="19.124"/>
  <testcase classname="com.imejob.tests.functional.HomePageJobCardsTest" name="verifyDefaultJobCardsCount" time="0.018"/>
  <testcase classname="com.imejob.tests.functional.HomePageJobCardsTest" name="verifyDefaultJobCardTextIsNotEmpty" time="0.245"/>
  <testcase classname="com.imejob.tests.functional.HomePageJobCardsTest" name="testClickFirstCard" time="0.643"/>
  <testcase classname="com.imejob.tests.functional.HomePageJobCardsTest" name="testClickLastCard" time="0.629"/>
  <testcase classname="com.imejob.tests.functional.HomePageJobCardsTest" name="verifyFirstAndLastJobCardContainsRequiredFields" time="0.07"/>
  <testcase classname="com.imejob.tests.functional.HomePageJobCardsTest" name="testLoginButtonRedirectsToLoginPage" time="5.336"/>
  <testcase classname="com.imejob.tests.functional.HomePageJobCardsTest" name="applyJob" time="8.445">
    <failure type="org.openqa.selenium.TimeoutException" message="Expected condition failed: waiting for visibility of element located by By.xpath: //*[contains(text(),&amp;apos;Hurry!&amp;apos;) or contains(text(),&amp;apos;already applied&amp;apos;)] (tried for 5 second(s) with 500 milliseconds interval)
Build info: version: &amp;apos;4.34.0&amp;apos;, revision: &amp;apos;707dcb4246*&amp;apos;
System info: os.name: &amp;apos;Windows 11&amp;apos;, os.arch: &amp;apos;amd64&amp;apos;, os.version: &amp;apos;10.0&amp;apos;, java.version: &amp;apos;22.0.2&amp;apos;
Driver info: org.openqa.selenium.chrome.ChromeDriver
Capabilities {acceptInsecureCerts: false, browserName: chrome, browserVersion: 140.0.7339.128, chrome: {chromedriverVersion: 140.0.7339.82 (bc93617e21c3..., userDataDir: C:\Users\DELL\AppData\Local...}, fedcm:accounts: true, goog:chromeOptions: {debuggerAddress: localhost:53470}, networkConnectionEnabled: false, pageLoadStrategy: normal, platformName: windows, proxy: Proxy(), se:cdp: ws://localhost:53470/devtoo..., se:cdpVersion: 140.0.7339.128, setWindowRect: true, strictFileInteractability: false, timeouts: {implicit: 0, pageLoad: 300000, script: 30000}, unhandledPromptBehavior: dismiss and notify, webauthn:extension:credBlob: true, webauthn:extension:largeBlob: true, webauthn:extension:minPinLength: true, webauthn:extension:prf: true, webauthn:virtualAuthenticators: true}
Session ID: fcfdea2b23198db60d5c651f48b5c628">
      <![CDATA[org.openqa.selenium.TimeoutException: Expected condition failed: waiting for visibility of element located by By.xpath: //*[contains(text(),'Hurry!') or contains(text(),'already applied')] (tried for 5 second(s) with 500 milliseconds interval)
Build info: version: '4.34.0', revision: '707dcb4246*'
System info: os.name: 'Windows 11', os.arch: 'amd64', os.version: '10.0', java.version: '22.0.2'
Driver info: org.openqa.selenium.chrome.ChromeDriver
Capabilities {acceptInsecureCerts: false, browserName: chrome, browserVersion: 140.0.7339.128, chrome: {chromedriverVersion: 140.0.7339.82 (bc93617e21c3..., userDataDir: C:\Users\DELL\AppData\Local...}, fedcm:accounts: true, goog:chromeOptions: {debuggerAddress: localhost:53470}, networkConnectionEnabled: false, pageLoadStrategy: normal, platformName: windows, proxy: Proxy(), se:cdp: ws://localhost:53470/devtoo..., se:cdpVersion: 140.0.7339.128, setWindowRect: true, strictFileInteractability: false, timeouts: {implicit: 0, pageLoad: 300000, script: 30000}, unhandledPromptBehavior: dismiss and notify, webauthn:extension:credBlob: true, webauthn:extension:largeBlob: true, webauthn:extension:minPinLength: true, webauthn:extension:prf: true, webauthn:virtualAuthenticators: true}
Session ID: fcfdea2b23198db60d5c651f48b5c628
at org.openqa.selenium.support.ui.WebDriverWait.timeoutException(WebDriverWait.java:84)
at org.openqa.selenium.support.ui.FluentWait.until(FluentWait.java:228)
at utility.WaitUtils.waitForElementVisible(WaitUtils.java:65)
at com.imejob.pages.JobCardsPage.getApplicationStatusMessage(JobCardsPage.java:281)
at com.imejob.tests.functional.HomePageJobCardsTest.applyJob(HomePageJobCardsTest.java:180)
at java.base/java.util.ArrayList.forEach(ArrayList.java:1597)
... Removed 25 stack frames]]>
    </failure>
  </testcase> <!-- applyJob -->
  <testcase classname="com.imejob.tests.functional.JobSearchFilterTest" name="verifyJobsByCompanyFilter" time="1.38"/>
  <testcase classname="com.imejob.tests.functional.JobSearchFilterTest" name="verifyJobsByExperience" time="1.175">
    <failure type="java.lang.AssertionError" message="First job did not match experience filter: Fresher expected [true] but found [false]">
      <![CDATA[java.lang.AssertionError: First job did not match experience filter: Fresher expected [true] but found [false]
at com.imejob.tests.functional.JobSearchFilterTest.verifyJobsByExperience(JobSearchFilterTest.java:116)
at java.base/java.util.ArrayList.forEach(ArrayList.java:1597)
... Removed 28 stack frames]]>
    </failure>
  </testcase> <!-- verifyJobsByExperience -->
  <testcase classname="com.imejob.tests.functional.JobSearchFilterTest" name="verifyJobsBySalary" time="0.95">
    <failure type="java.lang.AssertionError" message="First job did not match salary filter: 3 - 6 Lakhs expected [true] but found [false]">
      <![CDATA[java.lang.AssertionError: First job did not match salary filter: 3 - 6 Lakhs expected [true] but found [false]
at com.imejob.tests.functional.JobSearchFilterTest.verifyJobsBySalary(JobSearchFilterTest.java:141)
at java.base/java.util.ArrayList.forEach(ArrayList.java:1597)
... Removed 28 stack frames]]>
    </failure>
  </testcase> <!-- verifyJobsBySalary -->
  <testcase classname="com.imejob.tests.functional.JobSearchFilterTest" name="verifyInternshipFilterJobs" time="0.894"/>
  <testcase classname="com.imejob.tests.functional.JobSearchFilterTest" name="verifyRemoteFilterJobs" time="0.88"/>
  <testcase classname="com.imejob.tests.functional.JobSearchFilterTest" name="verifyContractFilterJobs" time="5.97"/>
  <testcase classname="com.imejob.tests.functional.JobSearchFilterTest" name="verifyFreelanceFilterJobs" time="5.899"/>
  <testcase classname="com.imejob.tests.functional.JobSearchFilterTest" name="testSelectRelevanceAZ" time="0.92"/>
  <testcase classname="com.imejob.tests.functional.JobSearchFilterTest" name="testSelectRelevanceZA" time="0.938"/>
  <testcase classname="com.imejob.tests.functional.JobSeekerAuthTest" name="navigateToCreateAccountTest" time="3.883"/>
  <testcase classname="com.imejob.tests.functional.JobSeekerAuthTest" name="createAccountTest" time="10.996"/>
  <testcase classname="com.imejob.tests.functional.JobSeekerSignInTest" name="signInTest" time="3.946"/>
  <testcase classname="com.imejob.tests.functional.JobSeekerSignInTest" name="forgetPassNavigationTest" time="4.337"/>
  <testcase classname="com.imejob.tests.functional.JobSeekerSignInTest" name="loginNavigationTest" time="4.678"/>
  <testcase classname="com.imejob.tests.functional.SearchTest" name="verifyJobsBySkillAndLocation" time="0.946"/>
  <testcase classname="com.imejob.tests.functional.SearchTest" name="verifyJobsBySkillOnly" time="1.025"/>
  <testcase classname="com.imejob.tests.functional.SearchTest" name="verifySearchByLocationWithoutSkillShowsValidationMessage" time="4.138"/>
  <testcase classname="com.imejob.tests.functional.SearchTest" name="verifyEmptySearchShowsValidationMessage" time="0.114"/>
  <testcase classname="com.imejob.tests.functional.SearchTest" name="verifyMultipleSkillsSearch" time="2.109"/>
  <testcase classname="com.imejob.tests.functional.SearchTest" name="verifyInvalidSkillAndLocationShowsNoJobs" time="6.454">
    <failure type="java.lang.AssertionError" message="Invalid skill and location should show &amp;apos;No jobs found&amp;apos; expected [No jobs found] but found [&amp;apos;No jobs found&amp;apos; message not displayed]">
      <![CDATA[java.lang.AssertionError: Invalid skill and location should show 'No jobs found' expected [No jobs found] but found ['No jobs found' message not displayed]
at com.imejob.tests.functional.SearchTest.verifyInvalidSkillAndLocationShowsNoJobs(SearchTest.java:141)
at java.base/java.util.ArrayList.forEach(ArrayList.java:1597)
... Removed 30 stack frames]]>
    </failure>
  </testcase> <!-- verifyInvalidSkillAndLocationShowsNoJobs -->
  <testcase classname="com.imejob.tests.functional.SearchTest" name="verifyCaseInsensitiveSearch" time="1.58"/>
  <testcase classname="com.imejob.tests.functional.SearchTest" name="verifySearchWithSpecialCharactersAndWhitespace" time="2.103"/>
  <testcase classname="com.imejob.tests.navigation.HeaderNavigationTest" name="brandLogo" time="0.366"/>
  <testcase classname="com.imejob.tests.navigation.HeaderNavigationTest" name="jobSearch" time="3.849"/>
  <testcase classname="com.imejob.tests.navigation.HeaderNavigationTest" name="aboutUs" time="0.281"/>
  <testcase classname="com.imejob.tests.navigation.HeaderNavigationTest" name="contactUs" time="0.248"/>
  <testcase classname="com.imejob.tests.navigation.HeaderNavigationTest" name="joinCommunity" time="5.209"/>
  <testcase classname="com.imejob.tests.navigation.HeaderNavigationTest" name="blogs" time="0.746"/>
  <testcase classname="com.imejob.tests.navigation.HeaderNavigationTest" name="pricing" time="0.297"/>
  <testcase classname="com.imejob.tests.navigation.HeaderNavigationTest" name="jobSeeker" time="3.542"/>
  <testcase classname="com.imejob.tests.navigation.HeaderNavigationTest" name="employer" time="4.32"/>
  <testcase classname="com.imejob.tests.navigation.HomePageNavigationTest" name="CreateAccountNavTest" time="3.568"/>
  <testcase classname="com.imejob.tests.navigation.HomePageNavigationTest" name="clickWhatsAppIconTest" time="6.374">
    <failure type="java.lang.AssertionError" message="expected [true] but found [false]">
      <![CDATA[java.lang.AssertionError: expected [true] but found [false]
at com.imejob.tests.navigation.HomePageNavigationTest.clickWhatsAppIconTest(HomePageNavigationTest.java:75)
at java.base/java.util.ArrayList.forEach(ArrayList.java:1597)
... Removed 29 stack frames]]>
    </failure>
  </testcase> <!-- clickWhatsAppIconTest -->
  <testcase classname="com.imejob.tests.navigation.HomePageNavigationTest" name="ViewAllJobNavTest" time="1.246"/>
  <testcase classname="com.imejob.tests.navigation.HomePageNavigationTest" name="bookDemoNavTest" time="0.213"/>
  <testcase classname="com.imejob.tests.navigation.FooterNavigationTest" name="testFresherTestingQAJobsLink" time="1.313"/>
  <testcase classname="com.imejob.tests.navigation.FooterNavigationTest" name="testFresherJavaJobsLink" time="1.826"/>
  <testcase classname="com.imejob.tests.navigation.FooterNavigationTest" name="testFresherDataAnalystJobsLink" time="1.278"/>
  <testcase classname="com.imejob.tests.navigation.FooterNavigationTest" name="testHireBestDevelopersLink" time="2.303"/>
  <testcase classname="com.imejob.tests.navigation.FooterNavigationTest" name="testPricingLink" time="2.463"/>
  <testcase classname="com.imejob.tests.navigation.FooterNavigationTest" name="testLinkedinLink" time="4.161"/>
  <testcase classname="com.imejob.tests.navigation.FooterNavigationTest" name="testHiringServicesLink" time="2.324"/>
  <testcase classname="com.imejob.tests.navigation.FooterNavigationTest" name="testAboutUsLink" time="3.608"/>
  <testcase classname="com.imejob.tests.navigation.FooterNavigationTest" name="testImeJobCVAnalysisLink" time="2.744"/>
  <testcase classname="com.imejob.tests.navigation.FooterNavigationTest" name="testBookDemoLink" time="6.981"/>
  <testcase classname="com.imejob.tests.navigation.FooterNavigationTest" name="testTermsAndConditionLink" time="0.87"/>
  <testcase classname="com.imejob.tests.navigation.FooterNavigationTest" name="testHireSoftwareDevelopersLink" time="1.492">
    <failure type="java.lang.RuntimeException" message="No new window found to switch!">
      <![CDATA[java.lang.RuntimeException: No new window found to switch!
at utility.WindowUtils.switchToNewWindow(WindowUtils.java:20)
at com.imejob.dataprovider.TestUtils.verifyFooterLink(TestUtils.java:30)
at com.imejob.tests.navigation.FooterNavigationTest.testHireSoftwareDevelopersLink(FooterNavigationTest.java:120)
at java.base/java.util.ArrayList.forEach(ArrayList.java:1597)
... Removed 25 stack frames]]>
    </failure>
  </testcase> <!-- testHireSoftwareDevelopersLink -->
  <testcase classname="com.imejob.tests.navigation.FooterNavigationTest" name="testJobPostingPortalsLink" time="84.231">
    <failure type="java.lang.RuntimeException" message="No new window found to switch!">
      <![CDATA[java.lang.RuntimeException: No new window found to switch!
at utility.WindowUtils.switchToNewWindow(WindowUtils.java:20)
at com.imejob.dataprovider.TestUtils.verifyFooterLink(TestUtils.java:30)
at com.imejob.tests.navigation.FooterNavigationTest.testJobPostingPortalsLink(FooterNavigationTest.java:127)
at java.base/java.util.ArrayList.forEach(ArrayList.java:1597)
... Removed 25 stack frames]]>
    </failure>
  </testcase> <!-- testJobPostingPortalsLink -->
  <testcase classname="com.imejob.tests.navigation.FooterNavigationTest" name="testRecruitFromSocialMediaLink" time="1.936"/>
  <testcase classname="com.imejob.tests.navigation.FooterNavigationTest" name="testBestITJobPortalLink" time="1.824"/>
  <testcase classname="com.imejob.tests.navigation.FooterNavigationTest" name="testPythonJobsMumbaiLink" time="0.952"/>
  <testcase classname="com.imejob.tests.navigation.FooterNavigationTest" name="testFresherJobsLink" time="1.696"/>
  <testcase classname="com.imejob.tests.navigation.FooterNavigationTest" name="testReactJsJobsBangaloreLink" time="0.674">
    <failure type="java.lang.RuntimeException" message="No new window found to switch!">
      <![CDATA[java.lang.RuntimeException: No new window found to switch!
at utility.WindowUtils.switchToNewWindow(WindowUtils.java:20)
at com.imejob.dataprovider.TestUtils.verifyFooterLink(TestUtils.java:30)
at com.imejob.tests.navigation.FooterNavigationTest.testReactJsJobsBangaloreLink(FooterNavigationTest.java:162)
at java.base/java.util.ArrayList.forEach(ArrayList.java:1597)
... Removed 25 stack frames]]>
    </failure>
  </testcase> <!-- testReactJsJobsBangaloreLink -->
  <testcase classname="com.imejob.tests.navigation.FooterNavigationTest" name="testPythonJobsBangaloreLink" time="1.195">
    <failure type="java.lang.RuntimeException" message="No new window found to switch!">
      <![CDATA[java.lang.RuntimeException: No new window found to switch!
at utility.WindowUtils.switchToNewWindow(WindowUtils.java:20)
at com.imejob.dataprovider.TestUtils.verifyFooterLink(TestUtils.java:30)
at com.imejob.tests.navigation.FooterNavigationTest.testPythonJobsBangaloreLink(FooterNavigationTest.java:169)
at java.base/java.util.ArrayList.forEach(ArrayList.java:1597)
... Removed 25 stack frames]]>
    </failure>
  </testcase> <!-- testPythonJobsBangaloreLink -->
  <testcase classname="com.imejob.tests.navigation.FooterNavigationTest" name="testJavaJobsBangaloreLink" time="1.485"/>
  <testcase classname="com.imejob.tests.navigation.FooterNavigationTest" name="testAboutLink" time="7.216"/>
  <testcase classname="com.imejob.tests.navigation.FooterNavigationTest" name="testSitemapLink" time="1.304"/>
  <testcase classname="com.imejob.tests.navigation.FooterNavigationTest" name="testContactLink" time="0.203"/>
  <testcase classname="com.imejob.tests.navigation.FooterNavigationTest" name="testTermsLink" time="0.758"/>
</testsuite> <!-- Test -->
