<?xml version="1.0" encoding="UTF-8"?>
<!-- Generated by org.testng.reporters.JUnitReportReporter -->
<testsuite hostname="Sumair" failures="1" tests="12" name="com.imejob.tests.navigation.SidebarNavigationTest" time="18.084" errors="1" timestamp="2025-09-28T16:43:21 IST" skipped="0">
  <testcase classname="com.imejob.tests.navigation.SidebarNavigationTest" name="testNavigationHomePage" time="9.912">
    <failure message="Expected URL: https://client.imejob.com/ but got: https://client.imejob.com/dashboard/job-seeker/applications expected [https://client.imejob.com/] but found [https://client.imejob.com/dashboard/job-seeker/applications]" type="java.lang.AssertionError">
      <![CDATA[java.lang.AssertionError: Expected URL: https://client.imejob.com/ but got: https://client.imejob.com/dashboard/job-seeker/applications expected [https://client.imejob.com/] but found [https://client.imejob.com/dashboard/job-seeker/applications]
at org.testng.Assert.fail(Assert.java:111)
at org.testng.Assert.failNotEquals(Assert.java:1590)
at org.testng.Assert.assertEqualsImpl(Assert.java:150)
at org.testng.Assert.assertEquals(Assert.java:132)
at org.testng.Assert.assertEquals(Assert.java:656)
at helper.TestUtils.waitAndAssertUrlExact(TestUtils.java:50)
at com.imejob.tests.navigation.SidebarNavigationTest.testNavigationHomePage(SidebarNavigationTest.java:65)
at java.base/jdk.internal.reflect.DirectMethodHandleAccessor.invoke(DirectMethodHandleAccessor.java:103)
at java.base/java.lang.reflect.Method.invoke(Method.java:580)
at org.testng.internal.invokers.MethodInvocationHelper.invokeMethod(MethodInvocationHelper.java:141)
at org.testng.internal.invokers.TestInvoker.invokeMethod(TestInvoker.java:687)
at org.testng.internal.invokers.TestInvoker.invokeTestMethod(TestInvoker.java:230)
at org.testng.internal.invokers.MethodRunner.runInSequence(MethodRunner.java:63)
at org.testng.internal.invokers.TestInvoker$MethodInvocationAgent.invoke(TestInvoker.java:995)
at org.testng.internal.invokers.TestInvoker.invokeTestMethods(TestInvoker.java:203)
at org.testng.internal.invokers.TestMethodWorker.invokeTestMethods(TestMethodWorker.java:154)
at org.testng.internal.invokers.TestMethodWorker.run(TestMethodWorker.java:134)
at java.base/java.util.ArrayList.forEach(ArrayList.java:1596)
at org.testng.TestRunner.privateRun(TestRunner.java:741)
at org.testng.TestRunner.run(TestRunner.java:616)
at org.testng.SuiteRunner.runTest(SuiteRunner.java:421)
at org.testng.SuiteRunner.runSequentially(SuiteRunner.java:413)
at org.testng.SuiteRunner.privateRun(SuiteRunner.java:373)
at org.testng.SuiteRunner.run(SuiteRunner.java:312)
at org.testng.SuiteRunnerWorker.runSuite(SuiteRunnerWorker.java:52)
at org.testng.SuiteRunnerWorker.run(SuiteRunnerWorker.java:95)
at org.testng.TestNG.runSuitesSequentially(TestNG.java:1274)
at org.testng.TestNG.runSuitesLocally(TestNG.java:1208)
at org.testng.TestNG.runSuites(TestNG.java:1112)
at org.testng.TestNG.run(TestNG.java:1079)
at org.testng.remote.AbstractRemoteTestNG.run(AbstractRemoteTestNG.java:115)
at org.testng.remote.RemoteTestNG.initAndRun(RemoteTestNG.java:293)
at org.testng.remote.RemoteTestNG.main(RemoteTestNG.java:91)
]]>
    </failure>
  </testcase> <!-- testNavigationHomePage -->
  <testcase classname="com.imejob.tests.navigation.SidebarNavigationTest" name="testNavigationDashBoard" time="1.374"/>
  <testcase classname="com.imejob.tests.navigation.SidebarNavigationTest" name="testNavigationToSearchJob" time="1.266"/>
  <testcase classname="com.imejob.tests.navigation.SidebarNavigationTest" name="testNavigationToInterviewsChat" time="0.666"/>
  <testcase classname="com.imejob.tests.navigation.SidebarNavigationTest" name="testNavigationToDocuments" time="0.680"/>
  <testcase classname="com.imejob.tests.navigation.SidebarNavigationTest" name="testNavigationToApplications" time="0.672"/>
  <testcase classname="com.imejob.tests.navigation.SidebarNavigationTest" name="testNavigationToProfile" time="0.663"/>
  <testcase classname="com.imejob.tests.navigation.SidebarNavigationTest" name="testNavigationMyPost" time="0.181"/>
  <testcase classname="com.imejob.tests.navigation.SidebarNavigationTest" name="testNavigationMySavedPost" time="0.662"/>
  <testcase classname="com.imejob.tests.navigation.SidebarNavigationTest" name="testNavigationCommunity" time="0.737"/>
  <testcase classname="com.imejob.tests.navigation.SidebarNavigationTest" name="testNavigationLogout" time="0.830"/>
  <testcase classname="com.imejob.tests.navigation.SidebarNavigationTest" name="testNavigationHomePagee" time="0.441">
    <error message="Failed to click on: homeIcon | stale element reference: stale element not found
  (Session info: chrome=140.0.7339.208)
For documentation on this error, please visit: https://www.selenium.dev/documentation/webdriver/troubleshooting/errors#stale-element-reference-exception
Build info: version: &#039;4.34.0&#039;, revision: &#039;707dcb4246*&#039;
System info: os.name: &#039;Windows 11&#039;, os.arch: &#039;amd64&#039;, os.version: &#039;10.0&#039;, java.version: &#039;21.0.8&#039;
Driver info: org.openqa.selenium.chrome.ChromeDriver
Command: [67c24761a565fbd7a7ee4ff90a1705f8, clickElement {id=f.543258C26AA67A788502214FCF481180.d.0DE6E2B3B22A238861C5AE3FBD2822A5.e.122}]
Capabilities {acceptInsecureCerts: false, browserName: chrome, browserVersion: 140.0.7339.208, chrome: {chromedriverVersion: 140.0.7339.207 (17230b545fd..., userDataDir: C:\Users\DELL\AppData\Local...}, fedcm:accounts: true, goog:chromeOptions: {debuggerAddress: localhost:50868}, networkConnectionEnabled: false, pageLoadStrategy: normal, platformName: windows, proxy: Proxy(), se:cdp: ws://localhost:50868/devtoo..., se:cdpVersion: 140.0.7339.208, setWindowRect: true, strictFileInteractability: false, timeouts: {implicit: 0, pageLoad: 300000, script: 30000}, unhandledPromptBehavior: dismiss and notify, webauthn:extension:credBlob: true, webauthn:extension:largeBlob: true, webauthn:extension:minPinLength: true, webauthn:extension:prf: true, webauthn:virtualAuthenticators: true}
Element: [[ChromeDriver: chrome on windows (67c24761a565fbd7a7ee4ff90a1705f8)] -&gt; xpath: //div[@class = &#039;app-navbar-item ms-1 ms-lg-2&#039;][1]]
Session ID: 67c24761a565fbd7a7ee4ff90a1705f8" type="java.lang.RuntimeException">
      <![CDATA[java.lang.RuntimeException: Failed to click on: homeIcon | stale element reference: stale element not found
  (Session info: chrome=140.0.7339.208)
For documentation on this error, please visit: https://www.selenium.dev/documentation/webdriver/troubleshooting/errors#stale-element-reference-exception
Build info: version: '4.34.0', revision: '707dcb4246*'
System info: os.name: 'Windows 11', os.arch: 'amd64', os.version: '10.0', java.version: '21.0.8'
Driver info: org.openqa.selenium.chrome.ChromeDriver
Command: [67c24761a565fbd7a7ee4ff90a1705f8, clickElement {id=f.543258C26AA67A788502214FCF481180.d.0DE6E2B3B22A238861C5AE3FBD2822A5.e.122}]
Capabilities {acceptInsecureCerts: false, browserName: chrome, browserVersion: 140.0.7339.208, chrome: {chromedriverVersion: 140.0.7339.207 (17230b545fd..., userDataDir: C:\Users\DELL\AppData\Local...}, fedcm:accounts: true, goog:chromeOptions: {debuggerAddress: localhost:50868}, networkConnectionEnabled: false, pageLoadStrategy: normal, platformName: windows, proxy: Proxy(), se:cdp: ws://localhost:50868/devtoo..., se:cdpVersion: 140.0.7339.208, setWindowRect: true, strictFileInteractability: false, timeouts: {implicit: 0, pageLoad: 300000, script: 30000}, unhandledPromptBehavior: dismiss and notify, webauthn:extension:credBlob: true, webauthn:extension:largeBlob: true, webauthn:extension:minPinLength: true, webauthn:extension:prf: true, webauthn:virtualAuthenticators: true}
Element: [[ChromeDriver: chrome on windows (67c24761a565fbd7a7ee4ff90a1705f8)] -> xpath: //div[@class = 'app-navbar-item ms-1 ms-lg-2'][1]]
Session ID: 67c24761a565fbd7a7ee4ff90a1705f8
at com.imejob.pages.SidebarPage.clickOn(SidebarPage.java:126)
at com.imejob.tests.navigation.SidebarNavigationTest.testNavigationHomePagee(SidebarNavigationTest.java:169)
at java.base/jdk.internal.reflect.DirectMethodHandleAccessor.invoke(DirectMethodHandleAccessor.java:103)
at java.base/java.lang.reflect.Method.invoke(Method.java:580)
at org.testng.internal.invokers.MethodInvocationHelper.invokeMethod(MethodInvocationHelper.java:141)
at org.testng.internal.invokers.TestInvoker.invokeMethod(TestInvoker.java:687)
at org.testng.internal.invokers.TestInvoker.invokeTestMethod(TestInvoker.java:230)
at org.testng.internal.invokers.MethodRunner.runInSequence(MethodRunner.java:63)
at org.testng.internal.invokers.TestInvoker$MethodInvocationAgent.invoke(TestInvoker.java:995)
at org.testng.internal.invokers.TestInvoker.invokeTestMethods(TestInvoker.java:203)
at org.testng.internal.invokers.TestMethodWorker.invokeTestMethods(TestMethodWorker.java:154)
at org.testng.internal.invokers.TestMethodWorker.run(TestMethodWorker.java:134)
at java.base/java.util.ArrayList.forEach(ArrayList.java:1596)
at org.testng.TestRunner.privateRun(TestRunner.java:741)
at org.testng.TestRunner.run(TestRunner.java:616)
at org.testng.SuiteRunner.runTest(SuiteRunner.java:421)
at org.testng.SuiteRunner.runSequentially(SuiteRunner.java:413)
at org.testng.SuiteRunner.privateRun(SuiteRunner.java:373)
at org.testng.SuiteRunner.run(SuiteRunner.java:312)
at org.testng.SuiteRunnerWorker.runSuite(SuiteRunnerWorker.java:52)
at org.testng.SuiteRunnerWorker.run(SuiteRunnerWorker.java:95)
at org.testng.TestNG.runSuitesSequentially(TestNG.java:1274)
at org.testng.TestNG.runSuitesLocally(TestNG.java:1208)
at org.testng.TestNG.runSuites(TestNG.java:1112)
at org.testng.TestNG.run(TestNG.java:1079)
at org.testng.remote.AbstractRemoteTestNG.run(AbstractRemoteTestNG.java:115)
at org.testng.remote.RemoteTestNG.initAndRun(RemoteTestNG.java:293)
at org.testng.remote.RemoteTestNG.main(RemoteTestNG.java:91)
]]>
    </error>
  </testcase> <!-- testNavigationHomePagee -->
</testsuite> <!-- com.imejob.tests.navigation.SidebarNavigationTest -->
