<?xml version="1.0" encoding="UTF-8"?>
<!-- Generated by org.testng.reporters.JUnitReportReporter -->
<testsuite hostname="Sumair" failures="0" tests="24" name="com.imejob.tests.navigation.FooterNavigationTest" time="72.202" errors="4" timestamp="2025-10-21T14:23:36 IST" skipped="0">
  <testcase classname="com.imejob.tests.navigation.FooterNavigationTest" name="testFresherTestingQAJobsLink" time="4.272"/>
  <testcase classname="com.imejob.tests.navigation.FooterNavigationTest" name="testFresherJavaJobsLink" time="2.982"/>
  <testcase classname="com.imejob.tests.navigation.FooterNavigationTest" name="testFresherDataAnalystJobsLink" time="2.890"/>
  <testcase classname="com.imejob.tests.navigation.FooterNavigationTest" name="testHireBestDevelopersLink" time="2.914"/>
  <testcase classname="com.imejob.tests.navigation.FooterNavigationTest" name="testPricingLink" time="1.552"/>
  <testcase classname="com.imejob.tests.navigation.FooterNavigationTest" name="testLinkedinLink" time="3.361"/>
  <testcase classname="com.imejob.tests.navigation.FooterNavigationTest" name="testHiringServicesLink" time="3.277"/>
  <testcase classname="com.imejob.tests.navigation.FooterNavigationTest" name="testAboutUsLink" time="2.963"/>
  <testcase classname="com.imejob.tests.navigation.FooterNavigationTest" name="testImeJobCVAnalysisLink" time="3.244"/>
  <testcase classname="com.imejob.tests.navigation.FooterNavigationTest" name="testBookDemoLink" time="3.636"/>
  <testcase classname="com.imejob.tests.navigation.FooterNavigationTest" name="testTermsAndConditionLink" time="2.843"/>
  <testcase classname="com.imejob.tests.navigation.FooterNavigationTest" name="testHireSoftwareDevelopersLink" time="2.906">
    <error message="No new window found to switch!" type="java.lang.RuntimeException">
      <![CDATA[java.lang.RuntimeException: No new window found to switch!
at utility.WindowUtils.switchToNewWindow(WindowUtils.java:20)
at helper.TestUtils.verifyFooterLink(TestUtils.java:30)
at com.imejob.tests.navigation.FooterNavigationTest.testHireSoftwareDevelopersLink(FooterNavigationTest.java:120)
at java.base/jdk.internal.reflect.DirectMethodHandleAccessor.invoke(DirectMethodHandleAccessor.java:103)
at java.base/java.lang.reflect.Method.invoke(Method.java:580)
at org.testng.internal.invokers.MethodInvocationHelper.invokeMethod(MethodInvocationHelper.java:141)
at org.testng.internal.invokers.TestInvoker.invokeMethod(TestInvoker.java:687)
at org.testng.internal.invokers.TestInvoker.invokeTestMethod(TestInvoker.java:230)
at org.testng.internal.invokers.MethodRunner.runInSequence(MethodRunner.java:63)
at org.testng.internal.invokers.TestInvoker$MethodInvocationAgent.invoke(TestInvoker.java:995)
at org.testng.internal.invokers.TestInvoker.invokeTestMethods(TestInvoker.java:203)
at org.testng.internal.invokers.TestMethodWorker.invokeTestMethods(TestMethodWorker.java:154)
at org.testng.internal.invokers.TestMethodWorker.run(TestMethodWorker.java:134)
at java.base/java.util.ArrayList.forEach(ArrayList.java:1596)
at org.testng.TestRunner.privateRun(TestRunner.java:741)
at org.testng.TestRunner.run(TestRunner.java:616)
at org.testng.SuiteRunner.runTest(SuiteRunner.java:421)
at org.testng.SuiteRunner.runSequentially(SuiteRunner.java:413)
at org.testng.SuiteRunner.privateRun(SuiteRunner.java:373)
at org.testng.SuiteRunner.run(SuiteRunner.java:312)
at org.testng.SuiteRunnerWorker.runSuite(SuiteRunnerWorker.java:52)
at org.testng.SuiteRunnerWorker.run(SuiteRunnerWorker.java:95)
at org.testng.TestNG.runSuitesSequentially(TestNG.java:1274)
at org.testng.TestNG.runSuitesLocally(TestNG.java:1208)
at org.testng.TestNG.runSuites(TestNG.java:1112)
at org.testng.TestNG.run(TestNG.java:1079)
at org.testng.remote.AbstractRemoteTestNG.run(AbstractRemoteTestNG.java:115)
at org.testng.remote.RemoteTestNG.initAndRun(RemoteTestNG.java:293)
at org.testng.remote.RemoteTestNG.main(RemoteTestNG.java:91)
]]>
    </error>
  </testcase> <!-- testHireSoftwareDevelopersLink -->
  <testcase classname="com.imejob.tests.navigation.FooterNavigationTest" name="testJobPostingPortalsLink" time="2.317">
    <error message="No new window found to switch!" type="java.lang.RuntimeException">
      <![CDATA[java.lang.RuntimeException: No new window found to switch!
at utility.WindowUtils.switchToNewWindow(WindowUtils.java:20)
at helper.TestUtils.verifyFooterLink(TestUtils.java:30)
at com.imejob.tests.navigation.FooterNavigationTest.testJobPostingPortalsLink(FooterNavigationTest.java:127)
at java.base/jdk.internal.reflect.DirectMethodHandleAccessor.invoke(DirectMethodHandleAccessor.java:103)
at java.base/java.lang.reflect.Method.invoke(Method.java:580)
at org.testng.internal.invokers.MethodInvocationHelper.invokeMethod(MethodInvocationHelper.java:141)
at org.testng.internal.invokers.TestInvoker.invokeMethod(TestInvoker.java:687)
at org.testng.internal.invokers.TestInvoker.invokeTestMethod(TestInvoker.java:230)
at org.testng.internal.invokers.MethodRunner.runInSequence(MethodRunner.java:63)
at org.testng.internal.invokers.TestInvoker$MethodInvocationAgent.invoke(TestInvoker.java:995)
at org.testng.internal.invokers.TestInvoker.invokeTestMethods(TestInvoker.java:203)
at org.testng.internal.invokers.TestMethodWorker.invokeTestMethods(TestMethodWorker.java:154)
at org.testng.internal.invokers.TestMethodWorker.run(TestMethodWorker.java:134)
at java.base/java.util.ArrayList.forEach(ArrayList.java:1596)
at org.testng.TestRunner.privateRun(TestRunner.java:741)
at org.testng.TestRunner.run(TestRunner.java:616)
at org.testng.SuiteRunner.runTest(SuiteRunner.java:421)
at org.testng.SuiteRunner.runSequentially(SuiteRunner.java:413)
at org.testng.SuiteRunner.privateRun(SuiteRunner.java:373)
at org.testng.SuiteRunner.run(SuiteRunner.java:312)
at org.testng.SuiteRunnerWorker.runSuite(SuiteRunnerWorker.java:52)
at org.testng.SuiteRunnerWorker.run(SuiteRunnerWorker.java:95)
at org.testng.TestNG.runSuitesSequentially(TestNG.java:1274)
at org.testng.TestNG.runSuitesLocally(TestNG.java:1208)
at org.testng.TestNG.runSuites(TestNG.java:1112)
at org.testng.TestNG.run(TestNG.java:1079)
at org.testng.remote.AbstractRemoteTestNG.run(AbstractRemoteTestNG.java:115)
at org.testng.remote.RemoteTestNG.initAndRun(RemoteTestNG.java:293)
at org.testng.remote.RemoteTestNG.main(RemoteTestNG.java:91)
]]>
    </error>
  </testcase> <!-- testJobPostingPortalsLink -->
  <testcase classname="com.imejob.tests.navigation.FooterNavigationTest" name="testRecruitFromSocialMediaLink" time="3.143"/>
  <testcase classname="com.imejob.tests.navigation.FooterNavigationTest" name="testBestITJobPortalLink" time="3.882"/>
  <testcase classname="com.imejob.tests.navigation.FooterNavigationTest" name="testPythonJobsMumbaiLink" time="3.171"/>
  <testcase classname="com.imejob.tests.navigation.FooterNavigationTest" name="testFresherJobsLink" time="3.251"/>
  <testcase classname="com.imejob.tests.navigation.FooterNavigationTest" name="testReactJsJobsBangaloreLink" time="2.172">
    <error message="No new window found to switch!" type="java.lang.RuntimeException">
      <![CDATA[java.lang.RuntimeException: No new window found to switch!
at utility.WindowUtils.switchToNewWindow(WindowUtils.java:20)
at helper.TestUtils.verifyFooterLink(TestUtils.java:30)
at com.imejob.tests.navigation.FooterNavigationTest.testReactJsJobsBangaloreLink(FooterNavigationTest.java:162)
at java.base/jdk.internal.reflect.DirectMethodHandleAccessor.invoke(DirectMethodHandleAccessor.java:103)
at java.base/java.lang.reflect.Method.invoke(Method.java:580)
at org.testng.internal.invokers.MethodInvocationHelper.invokeMethod(MethodInvocationHelper.java:141)
at org.testng.internal.invokers.TestInvoker.invokeMethod(TestInvoker.java:687)
at org.testng.internal.invokers.TestInvoker.invokeTestMethod(TestInvoker.java:230)
at org.testng.internal.invokers.MethodRunner.runInSequence(MethodRunner.java:63)
at org.testng.internal.invokers.TestInvoker$MethodInvocationAgent.invoke(TestInvoker.java:995)
at org.testng.internal.invokers.TestInvoker.invokeTestMethods(TestInvoker.java:203)
at org.testng.internal.invokers.TestMethodWorker.invokeTestMethods(TestMethodWorker.java:154)
at org.testng.internal.invokers.TestMethodWorker.run(TestMethodWorker.java:134)
at java.base/java.util.ArrayList.forEach(ArrayList.java:1596)
at org.testng.TestRunner.privateRun(TestRunner.java:741)
at org.testng.TestRunner.run(TestRunner.java:616)
at org.testng.SuiteRunner.runTest(SuiteRunner.java:421)
at org.testng.SuiteRunner.runSequentially(SuiteRunner.java:413)
at org.testng.SuiteRunner.privateRun(SuiteRunner.java:373)
at org.testng.SuiteRunner.run(SuiteRunner.java:312)
at org.testng.SuiteRunnerWorker.runSuite(SuiteRunnerWorker.java:52)
at org.testng.SuiteRunnerWorker.run(SuiteRunnerWorker.java:95)
at org.testng.TestNG.runSuitesSequentially(TestNG.java:1274)
at org.testng.TestNG.runSuitesLocally(TestNG.java:1208)
at org.testng.TestNG.runSuites(TestNG.java:1112)
at org.testng.TestNG.run(TestNG.java:1079)
at org.testng.remote.AbstractRemoteTestNG.run(AbstractRemoteTestNG.java:115)
at org.testng.remote.RemoteTestNG.initAndRun(RemoteTestNG.java:293)
at org.testng.remote.RemoteTestNG.main(RemoteTestNG.java:91)
]]>
    </error>
  </testcase> <!-- testReactJsJobsBangaloreLink -->
  <testcase classname="com.imejob.tests.navigation.FooterNavigationTest" name="testPythonJobsBangaloreLink" time="2.185">
    <error message="No new window found to switch!" type="java.lang.RuntimeException">
      <![CDATA[java.lang.RuntimeException: No new window found to switch!
at utility.WindowUtils.switchToNewWindow(WindowUtils.java:20)
at helper.TestUtils.verifyFooterLink(TestUtils.java:30)
at com.imejob.tests.navigation.FooterNavigationTest.testPythonJobsBangaloreLink(FooterNavigationTest.java:169)
at java.base/jdk.internal.reflect.DirectMethodHandleAccessor.invoke(DirectMethodHandleAccessor.java:103)
at java.base/java.lang.reflect.Method.invoke(Method.java:580)
at org.testng.internal.invokers.MethodInvocationHelper.invokeMethod(MethodInvocationHelper.java:141)
at org.testng.internal.invokers.TestInvoker.invokeMethod(TestInvoker.java:687)
at org.testng.internal.invokers.TestInvoker.invokeTestMethod(TestInvoker.java:230)
at org.testng.internal.invokers.MethodRunner.runInSequence(MethodRunner.java:63)
at org.testng.internal.invokers.TestInvoker$MethodInvocationAgent.invoke(TestInvoker.java:995)
at org.testng.internal.invokers.TestInvoker.invokeTestMethods(TestInvoker.java:203)
at org.testng.internal.invokers.TestMethodWorker.invokeTestMethods(TestMethodWorker.java:154)
at org.testng.internal.invokers.TestMethodWorker.run(TestMethodWorker.java:134)
at java.base/java.util.ArrayList.forEach(ArrayList.java:1596)
at org.testng.TestRunner.privateRun(TestRunner.java:741)
at org.testng.TestRunner.run(TestRunner.java:616)
at org.testng.SuiteRunner.runTest(SuiteRunner.java:421)
at org.testng.SuiteRunner.runSequentially(SuiteRunner.java:413)
at org.testng.SuiteRunner.privateRun(SuiteRunner.java:373)
at org.testng.SuiteRunner.run(SuiteRunner.java:312)
at org.testng.SuiteRunnerWorker.runSuite(SuiteRunnerWorker.java:52)
at org.testng.SuiteRunnerWorker.run(SuiteRunnerWorker.java:95)
at org.testng.TestNG.runSuitesSequentially(TestNG.java:1274)
at org.testng.TestNG.runSuitesLocally(TestNG.java:1208)
at org.testng.TestNG.runSuites(TestNG.java:1112)
at org.testng.TestNG.run(TestNG.java:1079)
at org.testng.remote.AbstractRemoteTestNG.run(AbstractRemoteTestNG.java:115)
at org.testng.remote.RemoteTestNG.initAndRun(RemoteTestNG.java:293)
at org.testng.remote.RemoteTestNG.main(RemoteTestNG.java:91)
]]>
    </error>
  </testcase> <!-- testPythonJobsBangaloreLink -->
  <testcase classname="com.imejob.tests.navigation.FooterNavigationTest" name="testJavaJobsBangaloreLink" time="3.550"/>
  <testcase classname="com.imejob.tests.navigation.FooterNavigationTest" name="testAboutLink" time="3.172"/>
  <testcase classname="com.imejob.tests.navigation.FooterNavigationTest" name="testSitemapLink" time="5.077"/>
  <testcase classname="com.imejob.tests.navigation.FooterNavigationTest" name="testContactLink" time="1.328"/>
  <testcase classname="com.imejob.tests.navigation.FooterNavigationTest" name="testTermsLink" time="2.114"/>
</testsuite> <!-- com.imejob.tests.navigation.FooterNavigationTest -->
